<?xml version="1.0" encoding="UTF-8"?>
<!-- Generated by org.testng.reporters.JUnitReportReporter -->
<testsuite hostname="DESKTOP-4LTNLGB" failures="0" tests="6" name="com.ecommerce.EcommerceTest" time="20.958" errors="0" timestamp="2025-08-23T14:31:18 IST" skipped="0">
  <testcase classname="com.ecommerce.EcommerceTest" name="navigateToProductlist" time="1.702"/>
  <system-out/>
  <testcase classname="com.ecommerce.EcommerceTest" name="checkOut" time="12.733"/>
  <system-out/>
  <testcase classname="com.ecommerce.EcommerceTest" name="addToCart" time="2.312"/>
  <system-out/>
  <testcase classname="com.ecommerce.EcommerceTest" name="loginToApp" time="1.153"/>
  <system-out/>
  <testcase classname="com.ecommerce.EcommerceTest" name="registerApp" time="2.260"/>
  <system-out/>
  <testcase classname="com.ecommerce.EcommerceTest" name="logoutApp" time="0.798"/>
  <system-out/>
</testsuite> <!-- com.ecommerce.EcommerceTest -->
