<?xml version="1.0" encoding="UTF-8"?>
<!-- Generated by org.testng.reporters.JUnitReportReporter -->
<testsuite hostname="DESKTOP-4LTNLGB" failures="0" tests="6" name="com.ecommerce.EcommerceTest" time="22.072" errors="0" timestamp="2025-08-23T11:57:45 IST" skipped="0">
  <testcase classname="com.ecommerce.EcommerceTest" name="logoutApp" time="0.983"/>
  <system-out/>
  <testcase classname="com.ecommerce.EcommerceTest" name="navigateToProductlist" time="1.871"/>
  <system-out/>
  <testcase classname="com.ecommerce.EcommerceTest" name="addToCart" time="2.397"/>
  <system-out/>
  <testcase classname="com.ecommerce.EcommerceTest" name="loginToApp" time="1.223"/>
  <system-out/>
  <testcase classname="com.ecommerce.EcommerceTest" name="checkOut" time="13.302"/>
  <system-out/>
  <testcase classname="com.ecommerce.EcommerceTest" name="registerApp" time="2.296"/>
  <system-out/>
</testsuite> <!-- com.ecommerce.EcommerceTest -->
