<?xml version="1.0" encoding="UTF-8"?>
<!-- Generated by org.testng.reporters.JUnitReportReporter -->
<testsuite hostname="DESKTOP-4LTNLGB" failures="0" tests="4" name="com.ecommerce.register.EcommerceTest" time="10.154" errors="0" timestamp="2025-08-21T16:09:37 IST" skipped="0">
  <testcase classname="com.ecommerce.register.EcommerceTest" name="addToCart" time="2.506"/>
  <system-out/>
  <testcase classname="com.ecommerce.register.EcommerceTest" name="registerApp" time="3.690"/>
  <system-out/>
  <testcase classname="com.ecommerce.register.EcommerceTest" name="checkOut" time="1.746"/>
  <system-out/>
  <testcase classname="com.ecommerce.register.EcommerceTest" name="navigateToProductlist" time="2.212"/>
  <system-out/>
</testsuite> <!-- com.ecommerce.register.EcommerceTest -->
