<?xml version="1.0" encoding="UTF-8"?>
<!-- Generated by org.testng.reporters.JUnitReportReporter -->
<testsuite hostname="DESKTOP-4LTNLGB" failures="0" tests="3" name="com.ecommerce.register.EcommerceTest" time="5.894" errors="0" timestamp="2025-08-21T02:39:27 IST" skipped="0">
  <testcase classname="com.ecommerce.register.EcommerceTest" name="addToCart" time="0.981"/>
  <system-out/>
  <testcase classname="com.ecommerce.register.EcommerceTest" name="navigateToProductlist" time="1.810"/>
  <system-out/>
  <testcase classname="com.ecommerce.register.EcommerceTest" name="registerApp" time="3.103"/>
  <system-out/>
</testsuite> <!-- com.ecommerce.register.EcommerceTest -->
