<?xml version="1.0" encoding="UTF-8"?>
<!-- Generated by org.testng.reporters.JUnitReportReporter -->
<testsuite hostname="DESKTOP-4LTNLGB" failures="0" tests="3" name="com.ecommerce.register.RegisterTest" time="5.900" errors="0" timestamp="2025-08-21T02:36:33 IST" skipped="0">
  <testcase classname="com.ecommerce.register.RegisterTest" name="registerApp" time="3.031"/>
  <system-out/>
  <testcase classname="com.ecommerce.register.RegisterTest" name="navigateToProductlist" time="1.915"/>
  <system-out/>
  <testcase classname="com.ecommerce.register.RegisterTest" name="addToCart" time="0.954"/>
  <system-out/>
</testsuite> <!-- com.ecommerce.register.RegisterTest -->
